28/10 15:05:41 EasyPHP EasyPHP Servers starting
28/10 15:05:42 EasyPHP Apache CreateProcess "C:\PROGRA~2\EASYPH~1.1VC\binaries\apache\bin\eds-httpd.exe"
28/10 15:05:42 EasyPHP CreateProcess "C:\PROGRA~2\EASYPH~1.1VC\binaries\mysql\bin\eds-mysqld.exe --defaults-file="C:\PROGRA~2\EASYPH~1.1VC\binaries\mysql\my.ini" --language=english"
28/10 15:05:47 EasyPHP EasyPHP Check version
28/10 15:07:52 EasyPHP Apache  Configuration file changed
28/10 15:07:52 EasyPHP Apache restart event: ap5592_restart
28/10 15:07:53 EasyPHP ServerBase::TimerProc : GetProcessVersion Apache (pid: 5592) error 5
28/10 15:07:53 EasyPHP EasyPHP Error in Apache configuration file.
28/10 15:08:02 EasyPHP Apache VerifyConfFile fail...
28/10 15:08:36 EasyPHP Apache CreateProcess "C:\PROGRA~2\EASYPH~1.1VC\binaries\apache\bin\eds-httpd.exe"
28/10 15:12:17 EasyPHP PHP     Configuration file changed
28/10 15:12:17 EasyPHP Apache restart event: ap2032_restart
28/10 15:25:21 EasyPHP Apache  Configuration file changed
28/10 15:25:21 EasyPHP Apache restart event: ap2032_restart
28/10 15:25:22 EasyPHP ServerBase::TimerProc : GetProcessVersion Apache (pid: 2032) error 5
28/10 15:25:22 EasyPHP EasyPHP Error in Apache configuration file.
28/10 15:25:25 EasyPHP Apache VerifyConfFile fail...
28/10 15:28:00 EasyPHP Apache  Configuration file changed
28/10 15:28:55 EasyPHP Apache CreateProcess "C:\PROGRA~2\EASYPH~1.1VC\binaries\apache\bin\eds-httpd.exe"
28/10 17:33:17 EasyPHP EasyPHP Stop the servers
28/10 17:33:17 EasyPHP Apache stop event: ap2308_shutdown
28/10 17:33:17 EasyPHP Apache::StopExe stop event ap2308_shutdown fail : 2
28/10 17:33:18 EasyPHP MySqlSutdown event = MySQLShutdown3612
28/10 17:33:18 EasyPHP MySqlSutdown event open fail = 2
28/10 17:33:18 EasyPHP End EasyPHP...
28/10 17:57:06 EasyPHP EasyPHP Servers starting
28/10 17:57:07 EasyPHP Apache CreateProcess "C:\PROGRA~2\EASYPH~1.1VC\binaries\apache\bin\eds-httpd.exe"
28/10 17:57:07 EasyPHP CreateProcess "C:\PROGRA~2\EASYPH~1.1VC\binaries\mysql\bin\eds-mysqld.exe --defaults-file="C:\PROGRA~2\EASYPH~1.1VC\binaries\mysql\my.ini" --language=english"
28/10 17:57:12 EasyPHP EasyPHP Check version
06/11 13:27:10 EasyPHP EasyPHP Stop the servers
06/11 13:27:11 EasyPHP Apache stop event: ap3700_shutdown
06/11 13:27:11 EasyPHP Apache::StopExe stop event ap3700_shutdown fail : 2
06/11 13:27:12 EasyPHP MySqlSutdown event = MySQLShutdown4712
06/11 13:27:12 EasyPHP MySqlSutdown event open fail = 2
07/11 14:06:15 EasyPHP EasyPHP Servers starting
07/11 14:06:17 EasyPHP Apache CreateProcess "C:\PROGRA~2\EASYPH~1.1VC\binaries\apache\bin\eds-httpd.exe"
07/11 14:06:17 EasyPHP CreateProcess "C:\PROGRA~2\EASYPH~1.1VC\binaries\mysql\bin\eds-mysqld.exe --defaults-file="C:\PROGRA~2\EASYPH~1.1VC\binaries\mysql\my.ini" --language=english"
07/11 14:06:22 EasyPHP EasyPHP Check version
12/11 11:46:38 EasyPHP EasyPHP Stop the servers
12/11 11:46:38 EasyPHP Apache stop event: ap2700_shutdown
12/11 11:46:39 EasyPHP MySqlSutdown event = MySQLShutdown6096
12/11 11:46:39 EasyPHP MySqlSutdown event open fail = 2
12/11 11:46:41 EasyPHP End EasyPHP...
04/12 17:14:31 EasyPHP EasyPHP Servers starting
04/12 17:14:33 EasyPHP Apache CreateProcess "C:\PROGRA~2\EASYPH~1.1VC\binaries\apache\bin\eds-httpd.exe"
04/12 17:14:33 EasyPHP CreateProcess "C:\PROGRA~2\EASYPH~1.1VC\binaries\mysql\bin\eds-mysqld.exe --defaults-file="C:\PROGRA~2\EASYPH~1.1VC\binaries\mysql\my.ini" --language=english"
04/12 17:14:38 EasyPHP EasyPHP Check version
14/12 17:33:05 EasyPHP EasyPHP Stop the servers
14/12 17:33:05 EasyPHP Apache stop event: ap4276_shutdown
14/12 17:33:06 EasyPHP MySqlSutdown event = MySQLShutdown3816
14/12 17:33:06 EasyPHP MySqlSutdown event open fail = 2
14/12 17:33:07 EasyPHP End EasyPHP...
17/12 15:53:08 EasyPHP EasyPHP Servers starting
17/12 15:53:10 EasyPHP Apache CreateProcess "C:\PROGRA~2\EASYPH~1.1VC\binaries\apache\bin\eds-httpd.exe"
17/12 15:53:10 EasyPHP CreateProcess "C:\PROGRA~2\EASYPH~1.1VC\binaries\mysql\bin\eds-mysqld.exe --defaults-file="C:\PROGRA~2\EASYPH~1.1VC\binaries\mysql\my.ini" --language=english"
17/12 15:53:15 EasyPHP EasyPHP Check version
18/12 13:25:47 EasyPHP EasyPHP Stop the servers
18/12 13:25:48 EasyPHP Apache stop event: ap2292_shutdown
18/12 13:25:48 EasyPHP MySqlSutdown event = MySQLShutdown3340
18/12 13:25:48 EasyPHP MySqlSutdown event open fail = 2
18/12 13:25:49 EasyPHP End EasyPHP...
18/12 13:46:46 EasyPHP EasyPHP Servers starting
18/12 13:46:48 EasyPHP Apache CreateProcess "C:\PROGRA~2\EASYPH~1.1VC\binaries\apache\bin\eds-httpd.exe"
18/12 13:46:48 EasyPHP CreateProcess "C:\PROGRA~2\EASYPH~1.1VC\binaries\mysql\bin\eds-mysqld.exe --defaults-file="C:\PROGRA~2\EASYPH~1.1VC\binaries\mysql\my.ini" --language=english"
18/12 13:46:53 EasyPHP EasyPHP Check version
18/12 13:55:44 EasyPHP EasyPHP Stop the servers
18/12 13:55:44 EasyPHP Apache stop event: ap4016_shutdown
18/12 13:55:45 EasyPHP MySqlSutdown event = MySQLShutdown4132
18/12 13:55:45 EasyPHP MySqlSutdown event open fail = 2
18/12 13:55:45 EasyPHP End EasyPHP...
18/12 13:56:04 EasyPHP EasyPHP Servers starting
18/12 13:56:04 EasyPHP Apache CreateProcess "C:\PROGRA~2\EASYPH~1.1VC\binaries\apache\bin\eds-httpd.exe"
18/12 13:56:04 EasyPHP CreateProcess "C:\PROGRA~2\EASYPH~1.1VC\binaries\mysql\bin\eds-mysqld.exe --defaults-file="C:\PROGRA~2\EASYPH~1.1VC\binaries\mysql\my.ini" --language=english"
18/12 13:56:09 EasyPHP EasyPHP Check version
18/12 13:56:53 EasyPHP EasyPHP Stop the servers
18/12 13:56:53 EasyPHP Apache stop event: ap1512_shutdown
18/12 13:56:54 EasyPHP MySqlSutdown event = MySQLShutdown2260
18/12 13:56:54 EasyPHP MySqlSutdown event open fail = 2
18/12 13:56:54 EasyPHP End EasyPHP...
18/12 13:57:44 EasyPHP EasyPHP Servers starting
18/12 13:57:44 EasyPHP Apache CreateProcess "C:\PROGRA~2\EASYPH~1.1VC\binaries\apache\bin\eds-httpd.exe"
18/12 13:57:44 EasyPHP CreateProcess "C:\PROGRA~2\EASYPH~1.1VC\binaries\mysql\bin\eds-mysqld.exe --defaults-file="C:\PROGRA~2\EASYPH~1.1VC\binaries\mysql\my.ini" --language=english"
18/12 13:57:49 EasyPHP EasyPHP Check version
18/12 16:01:11 EasyPHP EasyPHP Stop the servers
18/12 16:01:11 EasyPHP Apache stop event: ap3924_shutdown
18/12 16:01:11 EasyPHP Apache::StopExe stop event ap3924_shutdown fail : 2
18/12 16:01:12 EasyPHP MySqlSutdown event = MySQLShutdown2340
18/12 16:01:12 EasyPHP MySqlSutdown event open fail = 2
18/12 16:01:12 EasyPHP End EasyPHP...
19/12 11:02:26 EasyPHP EasyPHP Servers starting
19/12 11:02:31 EasyPHP Apache CreateProcess "C:\PROGRA~2\EASYPH~1.1VC\binaries\apache\bin\eds-httpd.exe"
19/12 11:02:31 EasyPHP CreateProcess "C:\PROGRA~2\EASYPH~1.1VC\binaries\mysql\bin\eds-mysqld.exe --defaults-file="C:\PROGRA~2\EASYPH~1.1VC\binaries\mysql\my.ini" --language=english"
19/12 11:02:36 EasyPHP EasyPHP Check version
23/12 16:59:07 EasyPHP EasyPHP Stop the servers
23/12 16:59:07 EasyPHP Apache stop event: ap4564_shutdown
23/12 16:59:07 EasyPHP Apache::StopExe stop event ap4564_shutdown fail : 2
23/12 16:59:08 EasyPHP MySqlSutdown event = MySQLShutdown3208
23/12 16:59:08 EasyPHP MySqlSutdown event open fail = 2
23/12 16:59:08 EasyPHP End EasyPHP...
24/12 11:01:32 EasyPHP EasyPHP Servers starting
24/12 11:01:33 EasyPHP Apache CreateProcess "C:\PROGRA~2\EASYPH~1.1VC\binaries\apache\bin\eds-httpd.exe"
24/12 11:01:33 EasyPHP CreateProcess "C:\PROGRA~2\EASYPH~1.1VC\binaries\mysql\bin\eds-mysqld.exe --defaults-file="C:\PROGRA~2\EASYPH~1.1VC\binaries\mysql\my.ini" --language=english"
24/12 11:01:38 EasyPHP EasyPHP Check version
30/12 17:13:35 EasyPHP EasyPHP Stop the servers
30/12 17:13:35 EasyPHP Apache stop event: ap3868_shutdown
30/12 17:13:36 EasyPHP MySqlSutdown event = MySQLShutdown4760
30/12 17:13:36 EasyPHP MySqlSutdown event open fail = 2
30/12 17:13:36 EasyPHP ServerBase::TimerProc : GetProcessVersion MySQL (pid: 4760) error 5
30/12 17:13:36 EasyPHP ServerBase::TimerProc : GetProcessVersion Apache (pid: 3868) error 5
30/12 17:13:36 EasyPHP End EasyPHP...
14/01 17:03:14 EasyPHP EasyPHP Servers starting
14/01 17:03:16 EasyPHP Apache CreateProcess "C:\PROGRA~2\EASYPH~1.1VC\binaries\apache\bin\eds-httpd.exe"
14/01 17:03:16 EasyPHP CreateProcess "C:\PROGRA~2\EASYPH~1.1VC\binaries\mysql\bin\eds-mysqld.exe --defaults-file="C:\PROGRA~2\EASYPH~1.1VC\binaries\mysql\my.ini" --language=english"
14/01 17:03:21 EasyPHP EasyPHP Check version
15/01 15:46:47 EasyPHP EasyPHP Servers starting
15/01 15:46:48 EasyPHP Apache CreateProcess "C:\PROGRA~2\EASYPH~1.1VC\binaries\apache\bin\eds-httpd.exe"
15/01 15:46:48 EasyPHP CreateProcess "C:\PROGRA~2\EASYPH~1.1VC\binaries\mysql\bin\eds-mysqld.exe --defaults-file="C:\PROGRA~2\EASYPH~1.1VC\binaries\mysql\my.ini" --language=english"
15/01 15:46:53 EasyPHP EasyPHP Check version
09/02 12:48:54 EasyPHP EasyPHP Servers starting
09/02 12:48:56 EasyPHP Apache CreateProcess "C:\PROGRA~2\EASYPH~1.1VC\binaries\apache\bin\eds-httpd.exe"
09/02 12:48:56 EasyPHP CreateProcess "C:\PROGRA~2\EASYPH~1.1VC\binaries\mysql\bin\eds-mysqld.exe --defaults-file="C:\PROGRA~2\EASYPH~1.1VC\binaries\mysql\my.ini" --language=english"
09/02 12:49:01 EasyPHP EasyPHP Check version
09/02 13:04:15 EasyPHP Apache  Configuration file changed
09/02 13:04:15 EasyPHP Apache restart event: ap1436_restart
09/02 13:04:17 EasyPHP Apache restart event: ap1436_restart
09/02 13:04:21 EasyPHP MySqlSutdown event = MySQLShutdown4276
09/02 13:04:23 EasyPHP ServerBase::TimerProc : GetProcessVersion MySQL (pid: 4276) error 5
09/02 13:04:23 EasyPHP CreateProcess "C:\PROGRA~2\EASYPH~1.1VC\binaries\mysql\bin\eds-mysqld.exe --defaults-file="C:\PROGRA~2\EASYPH~1.1VC\binaries\mysql\my.ini" --language=english"
09/02 13:05:43 EasyPHP Apache  Configuration file changed
09/02 13:05:43 EasyPHP Apache restart event: ap1436_restart
09/02 13:05:46 EasyPHP Apache restart event: ap1436_restart
12/02 16:31:01 EasyPHP EasyPHP Stop the servers
12/02 16:31:01 EasyPHP Apache stop event: ap1436_shutdown
12/02 16:31:02 EasyPHP MySqlSutdown event = MySQLShutdown5708
12/02 16:31:02 EasyPHP End EasyPHP...
12/02 16:31:09 EasyPHP EasyPHP Servers starting
12/02 16:31:11 EasyPHP Apache CreateProcess "C:\PROGRA~2\EASYPH~1.1VC\binaries\apache\bin\eds-httpd.exe"
12/02 16:31:11 EasyPHP CreateProcess "C:\PROGRA~2\EASYPH~1.1VC\binaries\mysql\bin\eds-mysqld.exe --defaults-file="C:\PROGRA~2\EASYPH~1.1VC\binaries\mysql\my.ini" --language=english"
12/02 16:31:16 EasyPHP EasyPHP Check version
12/02 16:53:10 EasyPHP PHP     Configuration file changed
12/02 16:53:10 EasyPHP Apache restart event: ap2456_restart
12/02 16:53:14 EasyPHP PHP     Configuration file changed
12/02 16:53:14 EasyPHP Apache restart event: ap2456_restart
12/02 19:00:46 EasyPHP EasyPHP Stop the servers
12/02 19:00:46 EasyPHP Apache stop event: ap2456_shutdown
12/02 19:00:47 EasyPHP MySqlSutdown event = MySQLShutdown3028
12/02 19:00:47 EasyPHP MySqlSutdown event open fail = 2
12/02 19:00:48 EasyPHP ServerBase::TimerProc : GetProcessVersion MySQL (pid: 3028) error 5
12/02 19:00:48 EasyPHP ServerBase::TimerProc : GetProcessVersion Apache (pid: 2456) error 5
12/02 19:00:48 EasyPHP End EasyPHP...
11/03 14:22:02 EasyPHP EasyPHP Servers starting
11/03 14:22:04 EasyPHP Apache CreateProcess "C:\PROGRA~2\EASYPH~1.1VC\binaries\apache\bin\eds-httpd.exe"
11/03 14:22:04 EasyPHP CreateProcess "C:\PROGRA~2\EASYPH~1.1VC\binaries\mysql\bin\eds-mysqld.exe --defaults-file="C:\PROGRA~2\EASYPH~1.1VC\binaries\mysql\my.ini" --language=english"
11/03 14:22:09 EasyPHP EasyPHP Check version
12/03 11:03:44 EasyPHP EasyPHP Stop the servers
12/03 11:03:44 EasyPHP Apache stop event: ap4188_shutdown
12/03 11:03:45 EasyPHP MySqlSutdown event = MySQLShutdown5972
12/03 11:03:45 EasyPHP MySqlSutdown event open fail = 2
12/03 11:03:46 EasyPHP End EasyPHP...
13/03 13:47:31 EasyPHP EasyPHP Servers starting
13/03 13:47:32 EasyPHP Apache CreateProcess "C:\PROGRA~2\EASYPH~1.1VC\binaries\apache\bin\eds-httpd.exe"
13/03 13:47:32 EasyPHP CreateProcess "C:\PROGRA~2\EASYPH~1.1VC\binaries\mysql\bin\eds-mysqld.exe --defaults-file="C:\PROGRA~2\EASYPH~1.1VC\binaries\mysql\my.ini" --language=english"
13/03 13:47:37 EasyPHP EasyPHP Check version
27/03 18:51:18 EasyPHP EasyPHP Stop the servers
27/03 18:51:19 EasyPHP Apache stop event: ap260_shutdown
27/03 18:51:20 EasyPHP MySqlSutdown event = MySQLShutdown1276
27/03 18:51:20 EasyPHP MySqlSutdown event open fail = 2
31/03 15:38:38 EasyPHP EasyPHP Servers starting
31/03 15:38:39 EasyPHP Apache CreateProcess "C:\PROGRA~2\EASYPH~1.1VC\binaries\apache\bin\eds-httpd.exe"
31/03 15:38:39 EasyPHP CreateProcess "C:\PROGRA~2\EASYPH~1.1VC\binaries\mysql\bin\eds-mysqld.exe --defaults-file="C:\PROGRA~2\EASYPH~1.1VC\binaries\mysql\my.ini" --language=english"
31/03 15:38:44 EasyPHP EasyPHP Check version
18/04 10:59:45 EasyPHP EasyPHP Stop the servers
18/04 10:59:46 EasyPHP Apache stop event: ap1464_shutdown
18/04 10:59:47 EasyPHP MySqlSutdown event = MySQLShutdown1576
18/04 10:59:47 EasyPHP MySqlSutdown event open fail = 2
23/04 10:34:22 EasyPHP EasyPHP Servers starting
23/04 10:34:24 EasyPHP Apache CreateProcess "C:\PROGRA~2\EASYPH~1.1VC\binaries\apache\bin\eds-httpd.exe"
23/04 10:34:24 EasyPHP CreateProcess "C:\PROGRA~2\EASYPH~1.1VC\binaries\mysql\bin\eds-mysqld.exe --defaults-file="C:\PROGRA~2\EASYPH~1.1VC\binaries\mysql\my.ini" --language=english"
23/04 10:34:29 EasyPHP EasyPHP Check version
14/05 18:46:50 EasyPHP ServerBase::TimerProc : GetProcessVersion MySQL (pid: 3972) error 5
14/05 18:46:50 EasyPHP ServerBase::TimerProc : GetProcessVersion Apache (pid: 4016) error 5
14/05 18:46:51 EasyPHP EasyPHP Stop the servers
18/05 17:14:11 EasyPHP EasyPHP Servers starting
18/05 17:14:13 EasyPHP Apache CreateProcess "C:\PROGRA~2\EASYPH~1.1VC\binaries\apache\bin\eds-httpd.exe"
18/05 17:14:13 EasyPHP CreateProcess "C:\PROGRA~2\EASYPH~1.1VC\binaries\mysql\bin\eds-mysqld.exe --defaults-file="C:\PROGRA~2\EASYPH~1.1VC\binaries\mysql\my.ini" --language=english"
18/05 17:14:18 EasyPHP EasyPHP Check version
18/05 17:52:17 EasyPHP EasyPHP Stop the servers
18/05 17:52:17 EasyPHP Apache stop event: ap4972_shutdown
18/05 17:52:18 EasyPHP MySqlSutdown event = MySQLShutdown3440
18/05 17:52:18 EasyPHP End EasyPHP...
18/05 17:52:25 EasyPHP EasyPHP Servers starting
18/05 17:52:26 EasyPHP Apache CreateProcess "C:\PROGRA~2\EASYPH~1.1VC\binaries\apache\bin\eds-httpd.exe"
18/05 17:52:26 EasyPHP CreateProcess "C:\PROGRA~2\EASYPH~1.1VC\binaries\mysql\bin\eds-mysqld.exe --defaults-file="C:\PROGRA~2\EASYPH~1.1VC\binaries\mysql\my.ini" --language=english"
18/05 17:52:31 EasyPHP EasyPHP Check version
18/05 17:53:03 EasyPHP EasyPHP Stop the servers
18/05 17:53:03 EasyPHP Apache stop event: ap6256_shutdown
18/05 17:53:04 EasyPHP MySqlSutdown event = MySQLShutdown6196
18/05 17:53:04 EasyPHP End EasyPHP...
18/05 17:53:25 EasyPHP EasyPHP Servers starting
18/05 17:53:26 EasyPHP Apache CreateProcess "C:\PROGRA~2\EASYPH~1.1VC\binaries\apache\bin\eds-httpd.exe"
18/05 17:53:26 EasyPHP CreateProcess "C:\PROGRA~2\EASYPH~1.1VC\binaries\mysql\bin\eds-mysqld.exe --defaults-file="C:\PROGRA~2\EASYPH~1.1VC\binaries\mysql\my.ini" --language=english"
18/05 17:53:31 EasyPHP EasyPHP Check version
08/06 20:48:50 EasyPHP EasyPHP Stop the servers
08/06 20:48:50 EasyPHP Apache stop event: ap5452_shutdown
08/06 20:48:50 EasyPHP Apache::StopExe stop event ap5452_shutdown fail : 2
08/06 20:48:52 EasyPHP MySqlSutdown event = MySQLShutdown6132
08/06 20:48:52 EasyPHP MySqlSutdown event open fail = 2
30/10 16:43:42 EasyPHP EasyPHP Servers starting
30/10 16:43:46 EasyPHP Apache CreateProcess "C:\PROGRA~2\EASYPH~1.1VC\binaries\apache\bin\eds-httpd.exe"
30/10 16:43:46 EasyPHP CreateProcess "C:\PROGRA~2\EASYPH~1.1VC\binaries\mysql\bin\eds-mysqld.exe --defaults-file="C:\PROGRA~2\EASYPH~1.1VC\binaries\mysql\my.ini" --language=english"
30/10 16:43:51 EasyPHP EasyPHP Check version
14/11 10:27:28 EasyPHP ServerBase::TimerProc : GetProcessVersion MySQL (pid: 5304) error 5
14/11 10:27:30 EasyPHP EasyPHP Stop the servers
14/11 10:27:30 EasyPHP Apache stop event: ap1184_shutdown
14/11 10:27:30 EasyPHP Apache::StopExe stop event ap1184_shutdown fail : 2
16/11 12:10:43 EasyPHP EasyPHP Servers starting
16/11 12:10:44 EasyPHP Apache CreateProcess "C:\PROGRA~2\EASYPH~1.1VC\binaries\apache\bin\eds-httpd.exe"
16/11 12:10:44 EasyPHP CreateProcess "C:\PROGRA~2\EASYPH~1.1VC\binaries\mysql\bin\eds-mysqld.exe --defaults-file="C:\PROGRA~2\EASYPH~1.1VC\binaries\mysql\my.ini" --language=english"
16/11 12:10:49 EasyPHP EasyPHP Check version
16/11 12:17:46 EasyPHP EasyPHP Stop the servers
16/11 12:17:46 EasyPHP Apache stop event: ap7056_shutdown
16/11 12:17:46 EasyPHP MySqlSutdown event = MySQLShutdown6648
16/11 12:17:46 EasyPHP End EasyPHP...
16/11 12:17:49 EasyPHP EasyPHP Servers starting
16/11 12:17:49 EasyPHP Apache ServerBase::Start ScanProcess -> 7056
16/11 12:17:49 EasyPHP CreateProcess "C:\PROGRA~2\EASYPH~1.1VC\binaries\mysql\bin\eds-mysqld.exe --defaults-file="C:\PROGRA~2\EASYPH~1.1VC\binaries\mysql\my.ini" --language=english"
16/11 12:17:50 EasyPHP ServerBase::TimerProc : GetProcessVersion Apache (pid: 7056) error 5
16/11 12:17:50 EasyPHP Apache  Unexpected end of Apache !
16/11 12:17:54 EasyPHP Apache CreateProcess "C:\PROGRA~2\EASYPH~1.1VC\binaries\apache\bin\eds-httpd.exe"
16/11 12:17:54 EasyPHP EasyPHP Check version
20/11 15:48:33 EasyPHP Apache restart event: ap3460_restart
20/11 15:48:36 EasyPHP MySqlSutdown event = MySQLShutdown1876
20/11 15:48:39 EasyPHP ServerBase::TimerProc : GetProcessVersion MySQL (pid: 1876) error 5
20/11 15:48:40 EasyPHP CreateProcess "C:\PROGRA~2\EASYPH~1.1VC\binaries\mysql\bin\eds-mysqld.exe --defaults-file="C:\PROGRA~2\EASYPH~1.1VC\binaries\mysql\my.ini" --language=english"
20/11 15:48:42 EasyPHP Apache restart event: ap3460_restart
08/12 19:40:41 EasyPHP EasyPHP Stop the servers
08/12 19:40:41 EasyPHP Apache stop event: ap3460_shutdown
08/12 19:40:42 EasyPHP MySqlSutdown event = MySQLShutdown3296
08/12 19:40:42 EasyPHP End EasyPHP...
15/12 16:31:38 EasyPHP EasyPHP Servers starting
15/12 16:31:49 EasyPHP VerifyConfFile : WaitForSingleObject timeout for pid 3552
15/12 16:31:49 EasyPHP Apache ServerBase::Start ScanProcess -> 5316
15/12 16:31:49 EasyPHP CreateProcess "C:\PROGRA~2\EASYPH~1.1VC\binaries\mysql\bin\eds-mysqld.exe --defaults-file="C:\PROGRA~2\EASYPH~1.1VC\binaries\mysql\my.ini" --language=english"
15/12 16:31:54 EasyPHP ServerBase::TimerProc : GetProcessVersion Apache (pid: 5316) error 87
15/12 16:31:54 EasyPHP Apache  Unexpected end of Apache !
15/12 16:31:54 EasyPHP EasyPHP Check version
15/12 16:33:29 EasyPHP Apache CreateProcess "C:\PROGRA~2\EASYPH~1.1VC\binaries\apache\bin\eds-httpd.exe"
16/12 12:16:58 EasyPHP EasyPHP Stop the servers
16/12 12:16:59 EasyPHP Apache stop event: ap1040_shutdown
16/12 12:16:59 EasyPHP Apache::StopExe stop event ap1040_shutdown fail : 2
16/12 17:19:35 EasyPHP EasyPHP Servers starting
16/12 17:19:37 EasyPHP Apache CreateProcess "C:\PROGRA~2\EASYPH~1.1VC\binaries\apache\bin\eds-httpd.exe"
16/12 17:19:37 EasyPHP CreateProcess "C:\PROGRA~2\EASYPH~1.1VC\binaries\mysql\bin\eds-mysqld.exe --defaults-file="C:\PROGRA~2\EASYPH~1.1VC\binaries\mysql\my.ini" --language=english"
16/12 17:19:42 EasyPHP EasyPHP Check version
21/12 15:39:30 EasyPHP EasyPHP Servers starting
21/12 15:39:33 EasyPHP Apache CreateProcess "C:\PROGRA~2\EASYPH~1.1VC\binaries\apache\bin\eds-httpd.exe"
21/12 15:39:33 EasyPHP CreateProcess "C:\PROGRA~2\EASYPH~1.1VC\binaries\mysql\bin\eds-mysqld.exe --defaults-file="C:\PROGRA~2\EASYPH~1.1VC\binaries\mysql\my.ini" --language=english"
21/12 15:39:38 EasyPHP EasyPHP Check version
21/12 18:02:50 EasyPHP EasyPHP Stop the servers
21/12 18:02:50 EasyPHP Apache stop event: ap908_shutdown
21/12 18:02:51 EasyPHP MySqlSutdown event = MySQLShutdown868
21/12 18:02:51 EasyPHP End EasyPHP...
21/12 18:35:01 EasyPHP EasyPHP Servers starting
21/12 18:35:02 EasyPHP Apache CreateProcess "C:\PROGRA~2\EASYPH~1.1VC\binaries\apache\bin\eds-httpd.exe"
21/12 18:35:02 EasyPHP CreateProcess "C:\PROGRA~2\EASYPH~1.1VC\binaries\mysql\bin\eds-mysqld.exe --defaults-file="C:\PROGRA~2\EASYPH~1.1VC\binaries\mysql\my.ini" --language=english"
21/12 18:35:07 EasyPHP EasyPHP Check version
30/12 16:23:00 EasyPHP EasyPHP Stop the servers
30/12 16:23:00 EasyPHP Apache stop event: ap484_shutdown
30/12 16:23:01 EasyPHP MySqlSutdown event = MySQLShutdown5072
30/12 16:23:01 EasyPHP MySqlSutdown event open fail = 2
30/12 16:23:01 EasyPHP End EasyPHP...
19/01 11:57:12 EasyPHP EasyPHP Servers starting
19/01 11:57:13 EasyPHP Apache CreateProcess "C:\PROGRA~2\EASYPH~1.1VC\binaries\apache\bin\eds-httpd.exe"
19/01 11:57:13 EasyPHP CreateProcess "C:\PROGRA~2\EASYPH~1.1VC\binaries\mysql\bin\eds-mysqld.exe --defaults-file="C:\PROGRA~2\EASYPH~1.1VC\binaries\mysql\my.ini" --language=english"
19/01 11:57:18 EasyPHP EasyPHP Check version
25/01 11:08:41 EasyPHP MySql   Configuration file changed
25/01 11:08:41 EasyPHP MySqlSutdown event = MySQLShutdown6072
25/01 11:08:46 EasyPHP ServerBase::TimerProc : GetProcessVersion MySQL (pid: 6072) error 5
25/01 11:08:46 EasyPHP CreateProcess "C:\PROGRA~2\EASYPH~1.1VC\binaries\mysql\bin\eds-mysqld.exe --defaults-file="C:\PROGRA~2\EASYPH~1.1VC\binaries\mysql\my.ini" --language=english"
25/01 11:13:35 EasyPHP PHP     Configuration file changed
25/01 11:13:35 EasyPHP Apache restart event: ap6060_restart
25/01 11:13:39 EasyPHP Apache restart event: ap6060_restart
25/01 11:13:41 EasyPHP MySqlSutdown event = MySQLShutdown1784
25/01 11:13:42 EasyPHP ServerBase::TimerProc : GetProcessVersion MySQL (pid: 1784) error 5
25/01 11:13:42 EasyPHP CreateProcess "C:\PROGRA~2\EASYPH~1.1VC\binaries\mysql\bin\eds-mysqld.exe --defaults-file="C:\PROGRA~2\EASYPH~1.1VC\binaries\mysql\my.ini" --language=english"
01/02 11:57:54 EasyPHP EasyPHP Stop the servers
01/02 11:57:54 EasyPHP Apache stop event: ap6060_shutdown
01/02 11:57:55 EasyPHP MySqlSutdown event = MySQLShutdown4280
01/02 11:57:55 EasyPHP MySqlSutdown event open fail = 2
01/02 11:57:56 EasyPHP End EasyPHP...
11/03 12:31:35 EasyPHP EasyPHP Servers starting
11/03 12:31:36 EasyPHP Apache CreateProcess "C:\PROGRA~2\EASYPH~1.1VC\binaries\apache\bin\eds-httpd.exe"
11/03 12:31:36 EasyPHP CreateProcess "C:\PROGRA~2\EASYPH~1.1VC\binaries\mysql\bin\eds-mysqld.exe --defaults-file="C:\PROGRA~2\EASYPH~1.1VC\binaries\mysql\my.ini" --language=english"
11/03 12:31:41 EasyPHP EasyPHP Check version
11/03 15:49:56 EasyPHP EasyPHP Stop the servers
11/03 15:49:56 EasyPHP Apache stop event: ap7948_shutdown
11/03 15:49:56 EasyPHP Apache::StopExe stop event ap7948_shutdown fail : 2
11/03 15:49:57 EasyPHP MySqlSutdown event = MySQLShutdown7972
11/03 15:49:57 EasyPHP MySqlSutdown event open fail = 2
11/03 15:49:57 EasyPHP ServerBase::TimerProc : GetProcessVersion MySQL (pid: 7972) error 5
11/03 15:49:57 EasyPHP ServerBase::TimerProc : GetProcessVersion Apache (pid: 7948) error 5
15/03 14:38:46 EasyPHP EasyPHP Servers starting
15/03 14:38:46 EasyPHP Apache CreateProcess "C:\PROGRA~2\EASYPH~1.1VC\binaries\apache\bin\eds-httpd.exe"
15/03 14:38:46 EasyPHP CreateProcess "C:\PROGRA~2\EASYPH~1.1VC\binaries\mysql\bin\eds-mysqld.exe --defaults-file="C:\PROGRA~2\EASYPH~1.1VC\binaries\mysql\my.ini" --language=english"
15/03 14:38:51 EasyPHP EasyPHP Check version
28/03 17:39:23 EasyPHP EasyPHP Stop the servers
28/03 17:39:23 EasyPHP Apache stop event: ap7812_shutdown
28/03 17:39:24 EasyPHP MySqlSutdown event = MySQLShutdown6612
28/03 17:39:24 EasyPHP End EasyPHP...
28/03 17:39:34 EasyPHP EasyPHP Servers starting
28/03 17:39:35 EasyPHP Apache CreateProcess "C:\PROGRA~2\EASYPH~1.1VC\binaries\apache\bin\eds-httpd.exe"
28/03 17:39:35 EasyPHP CreateProcess "C:\PROGRA~2\EASYPH~1.1VC\binaries\mysql\bin\eds-mysqld.exe --defaults-file="C:\PROGRA~2\EASYPH~1.1VC\binaries\mysql\my.ini" --language=english"
28/03 17:39:40 EasyPHP EasyPHP Check version
28/03 17:56:31 EasyPHP Apache restart event: ap7076_restart
28/03 17:56:41 EasyPHP Apache stop event: ap7076_shutdown
28/03 17:56:44 EasyPHP ServerBase::TimerProc : GetProcessVersion Apache (pid: 7076) error 5
28/03 17:57:16 EasyPHP Apache CreateProcess "C:\PROGRA~2\EASYPH~1.1VC\binaries\apache\bin\eds-httpd.exe"
28/03 17:58:21 EasyPHP Apache restart event: ap7456_restart
28/03 17:58:24 EasyPHP Apache stop event: ap7456_shutdown
28/03 17:58:26 EasyPHP ServerBase::TimerProc : GetProcessVersion Apache (pid: 7456) error 5
28/03 17:58:29 EasyPHP Apache CreateProcess "C:\PROGRA~2\EASYPH~1.1VC\binaries\apache\bin\eds-httpd.exe"
28/03 18:17:03 EasyPHP PHP     Configuration file changed
28/03 18:17:03 EasyPHP Apache restart event: ap4900_restart
28/03 18:18:02 EasyPHP PHP     Configuration file changed
28/03 18:18:02 EasyPHP Apache restart event: ap4900_restart
28/03 18:18:12 EasyPHP Apache restart event: ap4900_restart
28/03 18:18:26 EasyPHP Apache stop event: ap4900_shutdown
28/03 18:18:29 EasyPHP ServerBase::TimerProc : GetProcessVersion Apache (pid: 4900) error 5
28/03 18:18:31 EasyPHP Apache CreateProcess "C:\PROGRA~2\EASYPH~1.1VC\binaries\apache\bin\eds-httpd.exe"
16/04 13:55:10 EasyPHP EasyPHP Stop the servers
16/04 13:55:11 EasyPHP Apache stop event: ap7764_shutdown
16/04 13:55:12 EasyPHP MySqlSutdown event = MySQLShutdown4420
16/04 13:55:12 EasyPHP MySqlSutdown event open fail = 2
16/04 13:55:13 EasyPHP End EasyPHP...
18/04 18:17:44 EasyPHP EasyPHP Servers starting
18/04 18:17:44 EasyPHP Apache CreateProcess "C:\PROGRA~2\EASYPH~1.1VC\binaries\apache\bin\eds-httpd.exe"
18/04 18:17:44 EasyPHP CreateProcess "C:\PROGRA~2\EASYPH~1.1VC\binaries\mysql\bin\eds-mysqld.exe --defaults-file="C:\PROGRA~2\EASYPH~1.1VC\binaries\mysql\my.ini" --language=english"
18/04 18:17:49 EasyPHP EasyPHP Check version
01/06 13:47:08 EasyPHP EasyPHP Servers starting
01/06 13:47:08 EasyPHP Apache CreateProcess "C:\PROGRA~2\EASYPH~1.1VC\binaries\apache\bin\eds-httpd.exe"
01/06 13:47:08 EasyPHP CreateProcess "C:\PROGRA~2\EASYPH~1.1VC\binaries\mysql\bin\eds-mysqld.exe --defaults-file="C:\PROGRA~2\EASYPH~1.1VC\binaries\mysql\my.ini" --language=english"
01/06 13:47:13 EasyPHP EasyPHP Check version
21/06 18:32:49 EasyPHP EasyPHP Servers starting
21/06 18:32:49 EasyPHP Apache CreateProcess "C:\PROGRA~2\EASYPH~1.1VC\binaries\apache\bin\eds-httpd.exe"
21/06 18:32:49 EasyPHP CreateProcess "C:\PROGRA~2\EASYPH~1.1VC\binaries\mysql\bin\eds-mysqld.exe --defaults-file="C:\PROGRA~2\EASYPH~1.1VC\binaries\mysql\my.ini" --language=english"
21/06 18:32:54 EasyPHP EasyPHP Check version
11/07 15:22:24 EasyPHP Apache restart event: ap8060_restart
11/07 15:22:25 EasyPHP MySqlSutdown event = MySQLShutdown7616
11/07 15:22:27 EasyPHP ServerBase::TimerProc : GetProcessVersion MySQL (pid: 7616) error 5
11/07 15:22:27 EasyPHP CreateProcess "C:\PROGRA~2\EASYPH~1.1VC\binaries\mysql\bin\eds-mysqld.exe --defaults-file="C:\PROGRA~2\EASYPH~1.1VC\binaries\mysql\my.ini" --language=english"
11/07 15:25:17 EasyPHP PHP     Configuration file changed
11/07 15:25:17 EasyPHP Apache restart event: ap8060_restart
11/07 15:25:19 EasyPHP PHP     Configuration file changed
11/07 15:25:19 EasyPHP Apache restart event: ap8060_restart
12/07 11:12:15 EasyPHP EasyPHP Servers starting
12/07 11:12:15 EasyPHP Apache CreateProcess "C:\PROGRA~2\EASYPH~1.1VC\binaries\apache\bin\eds-httpd.exe"
12/07 11:12:15 EasyPHP CreateProcess "C:\PROGRA~2\EASYPH~1.1VC\binaries\mysql\bin\eds-mysqld.exe --defaults-file="C:\PROGRA~2\EASYPH~1.1VC\binaries\mysql\my.ini" --language=english"
12/07 11:12:20 EasyPHP EasyPHP Check version
12/07 11:30:05 EasyPHP EasyPHP Stop the servers
12/07 11:30:05 EasyPHP Apache stop event: ap4316_shutdown
12/07 11:30:06 EasyPHP MySqlSutdown event = MySQLShutdown6344
12/07 11:30:06 EasyPHP End EasyPHP...
12/07 11:30:11 EasyPHP EasyPHP Servers starting
12/07 11:30:11 EasyPHP Apache CreateProcess "C:\PROGRA~2\EASYPH~1.1VC\binaries\apache\bin\eds-httpd.exe"
12/07 11:30:11 EasyPHP CreateProcess "C:\PROGRA~2\EASYPH~1.1VC\binaries\mysql\bin\eds-mysqld.exe --defaults-file="C:\PROGRA~2\EASYPH~1.1VC\binaries\mysql\my.ini" --language=english"
12/07 11:30:16 EasyPHP EasyPHP Check version
12/07 12:05:10 EasyPHP Apache restart event: ap5736_restart
12/07 12:05:12 EasyPHP MySqlSutdown event = MySQLShutdown4676
12/07 12:05:14 EasyPHP ServerBase::TimerProc : GetProcessVersion MySQL (pid: 4676) error 5
12/07 12:05:14 EasyPHP CreateProcess "C:\PROGRA~2\EASYPH~1.1VC\binaries\mysql\bin\eds-mysqld.exe --defaults-file="C:\PROGRA~2\EASYPH~1.1VC\binaries\mysql\my.ini" --language=english"
17/07 12:50:22 EasyPHP EasyPHP Stop the servers
17/07 12:50:22 EasyPHP Apache stop event: ap5736_shutdown
17/07 12:50:22 EasyPHP Apache::StopExe stop event ap5736_shutdown fail : 2
17/07 12:50:23 EasyPHP MySqlSutdown event = MySQLShutdown3760
17/07 12:50:23 EasyPHP MySqlSutdown event open fail = 2
18/07 17:45:21 EasyPHP EasyPHP Servers starting
18/07 17:45:21 EasyPHP Apache CreateProcess "C:\PROGRA~2\EASYPH~1.1VC\binaries\apache\bin\eds-httpd.exe"
18/07 17:45:21 EasyPHP CreateProcess "C:\PROGRA~2\EASYPH~1.1VC\binaries\mysql\bin\eds-mysqld.exe --defaults-file="C:\PROGRA~2\EASYPH~1.1VC\binaries\mysql\my.ini" --language=english"
18/07 17:45:26 EasyPHP EasyPHP Check version
16/08 09:35:31 EasyPHP EasyPHP Stop the servers
16/08 09:35:31 EasyPHP Apache stop event: ap6640_shutdown
16/08 09:35:32 EasyPHP MySqlSutdown event = MySQLShutdown5144
16/08 09:35:32 EasyPHP MySqlSutdown event open fail = 2
16/08 09:35:32 EasyPHP ServerBase::TimerProc : GetProcessVersion MySQL (pid: 5144) error 5
17/08 12:25:50 EasyPHP EasyPHP Servers starting
17/08 12:25:51 EasyPHP Apache CreateProcess "C:\PROGRA~2\EASYPH~1.1VC\binaries\apache\bin\eds-httpd.exe"
17/08 12:25:51 EasyPHP CreateProcess "C:\PROGRA~2\EASYPH~1.1VC\binaries\mysql\bin\eds-mysqld.exe --defaults-file="C:\PROGRA~2\EASYPH~1.1VC\binaries\mysql\my.ini" --language=english"
17/08 12:25:56 EasyPHP EasyPHP Check version
19/08 14:29:01 EasyPHP EasyPHP Stop the servers
19/08 14:29:01 EasyPHP Apache stop event: ap6732_shutdown
19/08 14:29:01 EasyPHP Apache::StopExe stop event ap6732_shutdown fail : 2
19/08 14:29:02 EasyPHP MySqlSutdown event = MySQLShutdown5728
19/08 14:29:02 EasyPHP MySqlSutdown event open fail = 2
19/08 14:29:02 EasyPHP ServerBase::TimerProc : GetProcessVersion MySQL (pid: 5728) error 5
21/08 22:12:05 EasyPHP EasyPHP Servers starting
21/08 22:12:06 EasyPHP Apache CreateProcess "C:\PROGRA~2\EASYPH~1.1VC\binaries\apache\bin\eds-httpd.exe"
21/08 22:12:06 EasyPHP CreateProcess "C:\PROGRA~2\EASYPH~1.1VC\binaries\mysql\bin\eds-mysqld.exe --defaults-file="C:\PROGRA~2\EASYPH~1.1VC\binaries\mysql\my.ini" --language=english"
21/08 22:12:11 EasyPHP EasyPHP Check version
08/09 12:12:47 EasyPHP EasyPHP Servers starting
08/09 12:12:47 EasyPHP Apache CreateProcess "C:\PROGRA~2\EASYPH~1.1VC\binaries\apache\bin\eds-httpd.exe"
08/09 12:12:47 EasyPHP CreateProcess "C:\PROGRA~2\EASYPH~1.1VC\binaries\mysql\bin\eds-mysqld.exe --defaults-file="C:\PROGRA~2\EASYPH~1.1VC\binaries\mysql\my.ini" --language=english"
08/09 12:12:52 EasyPHP EasyPHP Check version
18/09 15:55:19 EasyPHP EasyPHP Stop the servers
18/09 15:55:19 EasyPHP Apache stop event: ap6452_shutdown
18/09 15:55:19 EasyPHP Apache::StopExe stop event ap6452_shutdown fail : 2
18/09 15:55:19 EasyPHP MySqlSutdown event = MySQLShutdown5896
18/09 15:55:19 EasyPHP MySqlSutdown event open fail = 2
18/09 15:55:20 EasyPHP End EasyPHP...
21/09 11:56:14 EasyPHP EasyPHP Servers starting
21/09 11:56:14 EasyPHP Apache CreateProcess "C:\PROGRA~2\EASYPH~1.1VC\binaries\apache\bin\eds-httpd.exe"
21/09 11:56:14 EasyPHP CreateProcess "C:\PROGRA~2\EASYPH~1.1VC\binaries\mysql\bin\eds-mysqld.exe --defaults-file="C:\PROGRA~2\EASYPH~1.1VC\binaries\mysql\my.ini" --language=english"
21/09 11:56:19 EasyPHP EasyPHP Check version
23/09 15:36:00 EasyPHP Apache  Configuration file changed
23/09 15:36:00 EasyPHP Apache restart event: ap6440_restart
23/09 15:39:08 EasyPHP EasyPHP Stop the servers
23/09 15:39:08 EasyPHP Apache stop event: ap6440_shutdown
23/09 15:39:09 EasyPHP MySqlSutdown event = MySQLShutdown4948
23/09 15:39:09 EasyPHP End EasyPHP...
23/09 15:42:17 EasyPHP EasyPHP Servers starting
23/09 15:42:17 EasyPHP Apache CreateProcess "C:\LOCALV~1\EASYPH~1.1VC\binaries\apache\bin\eds-httpd.exe"
23/09 15:42:17 EasyPHP CreateProcess "C:\LOCALV~1\EASYPH~1.1VC\binaries\mysql\bin\eds-mysqld.exe --defaults-file="C:\LOCALV~1\EASYPH~1.1VC\binaries\mysql\my.ini" --language=english"
23/09 15:42:22 EasyPHP EasyPHP Check version
24/09 19:18:18 EasyPHP EasyPHP Servers are restarting...
24/09 19:18:18 EasyPHP Apache restart event: ap7960_restart
24/09 19:18:18 EasyPHP MySqlSutdown event = MySQLShutdown8720
24/09 19:18:19 EasyPHP ServerBase::TimerProc : GetProcessVersion MySQL (pid: 8720) error 5
24/09 19:18:19 EasyPHP CreateProcess "C:\LOCALV~1\EASYPH~1.1VC\binaries\mysql\bin\eds-mysqld.exe --defaults-file="C:\LOCALV~1\EASYPH~1.1VC\binaries\mysql\my.ini" --language=english"
24/09 19:44:13 EasyPHP EasyPHP Servers starting
24/09 19:44:14 EasyPHP Apache CreateProcess "C:\LOCALV~1\EASYPH~1.1VC\binaries\apache\bin\eds-httpd.exe"
24/09 19:44:14 EasyPHP CreateProcess "C:\LOCALV~1\EASYPH~1.1VC\binaries\mysql\bin\eds-mysqld.exe --defaults-file="C:\LOCALV~1\EASYPH~1.1VC\binaries\mysql\my.ini" --language=english"
24/09 19:44:16 EasyPHP ServerBase::TimerProc : GetProcessVersion MySQL (pid: 5300) error 5
24/09 19:44:16 EasyPHP MySql   Unexpected end of MySql !
24/09 19:44:19 EasyPHP EasyPHP Check version
24/09 19:45:22 EasyPHP CreateProcess "C:\LOCALV~1\EASYPH~1.1VC\binaries\mysql\bin\eds-mysqld.exe --defaults-file="C:\LOCALV~1\EASYPH~1.1VC\binaries\mysql\my.ini" --language=english"
24/09 21:47:55 EasyPHP EasyPHP Stop the servers
24/09 21:47:55 EasyPHP Apache stop event: ap10576_shutdown
24/09 21:47:55 EasyPHP MySqlSutdown event = MySQLShutdown13128
24/09 21:47:55 EasyPHP End EasyPHP...
27/09 16:21:41 EasyPHP EasyPHP Servers starting
27/09 16:21:44 EasyPHP Apache CreateProcess "C:\LOCALV~1\EASYPH~1.1VC\binaries\apache\bin\eds-httpd.exe"
27/09 16:21:44 EasyPHP CreateProcess "C:\LOCALV~1\EASYPH~1.1VC\binaries\mysql\bin\eds-mysqld.exe --defaults-file="C:\LOCALV~1\EASYPH~1.1VC\binaries\mysql\my.ini" --language=english"
27/09 16:21:49 EasyPHP EasyPHP Check version
27/09 17:42:39 EasyPHP EasyPHP Stop the servers
27/09 17:42:39 EasyPHP Apache stop event: ap13288_shutdown
27/09 17:42:40 EasyPHP MySqlSutdown event = MySQLShutdown4452
27/09 17:42:40 EasyPHP End EasyPHP...
29/09 11:57:38 EasyPHP EasyPHP Servers starting
29/09 11:57:43 EasyPHP Apache CreateProcess "C:\LOCALV~1\EASYPH~1.1VC\binaries\apache\bin\eds-httpd.exe"
29/09 11:57:43 EasyPHP CreateProcess "C:\LOCALV~1\EASYPH~1.1VC\binaries\mysql\bin\eds-mysqld.exe --defaults-file="C:\LOCALV~1\EASYPH~1.1VC\binaries\mysql\my.ini" --language=english"
29/09 11:57:48 EasyPHP EasyPHP Check version
04/10 13:12:51 EasyPHP EasyPHP Servers starting
04/10 13:12:55 EasyPHP Apache CreateProcess "C:\LOCALV~1\EASYPH~1.1VC\binaries\apache\bin\eds-httpd.exe"
04/10 13:12:55 EasyPHP CreateProcess "C:\LOCALV~1\EASYPH~1.1VC\binaries\mysql\bin\eds-mysqld.exe --defaults-file="C:\LOCALV~1\EASYPH~1.1VC\binaries\mysql\my.ini" --language=english"
04/10 13:13:00 EasyPHP EasyPHP Check version
04/10 20:57:53 EasyPHP EasyPHP Stop the servers
04/10 20:57:53 EasyPHP Apache stop event: ap5616_shutdown
04/10 20:57:54 EasyPHP MySqlSutdown event = MySQLShutdown796
04/10 20:57:54 EasyPHP MySqlSutdown event open fail = 2
04/10 20:57:54 EasyPHP End EasyPHP...
05/10 13:45:34 EasyPHP EasyPHP Servers starting
05/10 13:45:36 EasyPHP Apache CreateProcess "C:\LOCALV~1\EASYPH~1.1VC\binaries\apache\bin\eds-httpd.exe"
05/10 13:45:36 EasyPHP CreateProcess "C:\LOCALV~1\EASYPH~1.1VC\binaries\mysql\bin\eds-mysqld.exe --defaults-file="C:\LOCALV~1\EASYPH~1.1VC\binaries\mysql\my.ini" --language=english"
05/10 13:45:41 EasyPHP EasyPHP Check version
06/10 00:23:17 EasyPHP EasyPHP Stop the servers
06/10 00:23:17 EasyPHP Apache stop event: ap1200_shutdown
06/10 00:23:17 EasyPHP MySqlSutdown event = MySQLShutdown292
06/10 00:23:17 EasyPHP MySqlSutdown event open fail = 2
06/10 00:23:19 EasyPHP End EasyPHP...
06/10 09:37:39 EasyPHP EasyPHP Servers starting
06/10 09:37:42 EasyPHP Apache CreateProcess "C:\LOCALV~1\EASYPH~1.1VC\binaries\apache\bin\eds-httpd.exe"
06/10 09:37:42 EasyPHP CreateProcess "C:\LOCALV~1\EASYPH~1.1VC\binaries\mysql\bin\eds-mysqld.exe --defaults-file="C:\LOCALV~1\EASYPH~1.1VC\binaries\mysql\my.ini" --language=english"
06/10 09:37:47 EasyPHP EasyPHP Check version
07/10 17:25:48 EasyPHP EasyPHP Stop the servers
07/10 17:25:48 EasyPHP Apache stop event: ap8268_shutdown
07/10 17:25:49 EasyPHP MySqlSutdown event = MySQLShutdown8888
07/10 17:25:49 EasyPHP End EasyPHP...
07/10 17:29:12 EasyPHP EasyPHP Servers starting
07/10 17:29:15 EasyPHP Apache CreateProcess "C:\LOCALV~1\EASYPH~1.1VC\binaries\apache\bin\eds-httpd.exe"
07/10 17:29:15 EasyPHP CreateProcess "C:\LOCALV~1\EASYPH~1.1VC\binaries\mysql\bin\eds-mysqld.exe --defaults-file="C:\LOCALV~1\EASYPH~1.1VC\binaries\mysql\my.ini" --language=english"
07/10 17:29:20 EasyPHP EasyPHP Check version
10/10 10:55:22 EasyPHP EasyPHP Servers starting
10/10 10:55:22 EasyPHP Apache CreateProcess "C:\LOCALV~1\LOCALV~1\EASYPH~1.1VC\binaries\apache\bin\eds-httpd.exe"
10/10 10:55:22 EasyPHP CreateProcess "C:\LOCALV~1\LOCALV~1\EASYPH~1.1VC\binaries\mysql\bin\eds-mysqld.exe --defaults-file="C:\LOCALV~1\LOCALV~1\EASYPH~1.1VC\binaries\mysql\my.ini" --language=english"
10/10 10:55:25 EasyPHP ServerBase::TimerProc : GetProcessVersion MySQL (pid: 2664) error 5
10/10 10:55:25 EasyPHP MySql   Unexpected end of MySql !
10/10 10:55:27 EasyPHP EasyPHP Check version
10/10 10:58:29 EasyPHP CreateProcess "C:\LOCALV~1\LOCALV~1\EASYPH~1.1VC\binaries\mysql\bin\eds-mysqld.exe --defaults-file="C:\LOCALV~1\LOCALV~1\EASYPH~1.1VC\binaries\mysql\my.ini" --language=english"
10/10 10:58:32 EasyPHP ServerBase::TimerProc : GetProcessVersion MySQL (pid: 7316) error 5
10/10 10:58:32 EasyPHP MySql   Unexpected end of MySql !
10/10 11:00:09 EasyPHP CreateProcess "C:\LOCALV~1\LOCALV~1\EASYPH~1.1VC\binaries\mysql\bin\eds-mysqld.exe --defaults-file="C:\LOCALV~1\LOCALV~1\EASYPH~1.1VC\binaries\mysql\my.ini" --language=english"
10/10 11:00:37 EasyPHP EasyPHP Servers are restarting...
10/10 11:00:37 EasyPHP Apache restart event: ap6552_restart
10/10 11:00:37 EasyPHP MySqlSutdown event = MySQLShutdown6476
10/10 11:00:39 EasyPHP ServerBase::TimerProc : GetProcessVersion MySQL (pid: 6476) error 5
10/10 11:00:39 EasyPHP CreateProcess "C:\LOCALV~1\LOCALV~1\EASYPH~1.1VC\binaries\mysql\bin\eds-mysqld.exe --defaults-file="C:\LOCALV~1\LOCALV~1\EASYPH~1.1VC\binaries\mysql\my.ini" --language=english"
10/10 11:01:26 EasyPHP EasyPHP Stop the servers
10/10 11:01:26 EasyPHP Apache stop event: ap6552_shutdown
10/10 11:01:27 EasyPHP MySqlSutdown event = MySQLShutdown7708
10/10 11:01:27 EasyPHP End EasyPHP...
10/10 11:01:45 EasyPHP EasyPHP Servers starting
10/10 11:01:45 EasyPHP Apache CreateProcess "C:\LOCALV~2\EASYPH~1.1VC\binaries\apache\bin\eds-httpd.exe"
10/10 11:01:45 EasyPHP CreateProcess "C:\LOCALV~2\EASYPH~1.1VC\binaries\mysql\bin\eds-mysqld.exe --defaults-file="C:\LOCALV~2\EASYPH~1.1VC\binaries\mysql\my.ini" --language=english"
10/10 11:01:50 EasyPHP EasyPHP Check version
